============================================
PLATFORM_VERSION_CODENAME=REL
PLATFORM_VERSION=2.3.1
TARGET_PRODUCT=full
TARGET_BUILD_VARIANT=eng
TARGET_SIMULATOR=
TARGET_BUILD_TYPE=release
TARGET_BUILD_APPS=
TARGET_ARCH=arm
HOST_ARCH=x86
HOST_OS=linux
HOST_BUILD_TYPE=release
BUILD_ID=GINGERBREAD
============================================
make: Entering directory `/home/richard/gingerbread'

host C++: libutils <= frameworks/base/libs/utils/RefBase.cpp

g++  -I external/zlib   -I frameworks/base/libs/utils   -I out/host/linux-x86/obj/STATIC_LIBRARIES/libutils_intermediates   -I dalvik/libnativehelper/include/nativehelper   -I system/core/include   -I hardware/libhardware/include   -I hardware/libhardware_legacy/include   -I hardware/ril/include   -I dalvik/libnativehelper/include   -I frameworks/base/include   -I frameworks/base/opengl/include   -I frameworks/base/native/include   -I external/skia/include   -I tools/include   -I out/host/linux-x86/obj/include  -c  -fno-exceptions -Wno-multichar -m32 -fPIC -include system/core/include/arch/linux-x86/AndroidConfig.h -D_FORTIFY_SOURCE=0 -DANDROID -fmessage-length=0 -W -Wall -Wno-unused -Winit-self -Wpointer-arith -O2 -g -fno-strict-aliasing -DNDEBUG -UDEBUG -DANDROID -fmessage-length=0 -W -Wall -Wno-unused -Winit-self -Wpointer-arith -Wsign-promo -DNDEBUG -UDEBUG   -DLIBUTILS_NATIVE=1      -MD -o out/host/linux-x86/obj/STATIC_LIBRARIES/libutils_intermediates/RefBase.o frameworks/base/libs/utils/RefBase.cpp

host StaticLib: libutils (out/host/linux-x86/obj/STATIC_LIBRARIES/libutils_intermediates/libutils.a)
echo out/host/linux-x86/obj/STATIC_LIBRARIES/libutils_intermediates/Asset.o out/host/linux-x86/obj/STATIC_LIBRARIES/libutils_intermediates/AssetDir.o out/host/linux-x86/obj/STATIC_LIBRARIES/libutils_intermediates/AssetManager.o out/host/linux-x86/obj/STATIC_LIBRARIES/libutils_intermediates/BufferedTextOutput.o out/host/linux-x86/obj/STATIC_LIBRARIES/libutils_intermediates/CallStack.o out/host/linux-x86/obj/STATIC_LIBRARIES/libutils_intermediates/Debug.o out/host/linux-x86/obj/STATIC_LIBRARIES/libutils_intermediates/FileMap.o out/host/linux-x86/obj/STATIC_LIBRARIES/libutils_intermediates/Flattenable.o out/host/linux-x86/obj/STATIC_LIBRARIES/libutils_intermediates/ObbFile.o out/host/linux-x86/obj/STATIC_LIBRARIES/libutils_intermediates/Pool.o out/host/linux-x86/obj/STATIC_LIBRARIES/libutils_intermediates/RefBase.o out/host/linux-x86/obj/STATIC_LIBRARIES/libutils_intermediates/ResourceTypes.o out/host/linux-x86/obj/STATIC_LIBRARIES/libutils_intermediates/SharedBuffer.o out/host/linux-x86/obj/STATIC_LIBRARIES/libutils_intermediates/Static.o out/host/linux-x86/obj/STATIC_LIBRARIES/libutils_intermediates/StopWatch.o out/host/linux-x86/obj/STATIC_LIBRARIES/libutils_intermediates/StreamingZipInflater.o out/host/linux-x86/obj/STATIC_LIBRARIES/libutils_intermediates/String8.o out/host/linux-x86/obj/STATIC_LIBRARIES/libutils_intermediates/String16.o out/host/linux-x86/obj/STATIC_LIBRARIES/libutils_intermediates/StringArray.o out/host/linux-x86/obj/STATIC_LIBRARIES/libutils_intermediates/SystemClock.o out/host/linux-x86/obj/STATIC_LIBRARIES/libutils_intermediates/TextOutput.o out/host/linux-x86/obj/STATIC_LIBRARIES/libutils_intermediates/Threads.o out/host/linux-x86/obj/STATIC_LIBRARIES/libutils_intermediates/Timers.o out/host/linux-x86/obj/STATIC_LIBRARIES/libutils_intermediates/VectorImpl.o out/host/linux-x86/obj/STATIC_LIBRARIES/libutils_intermediates/ZipFileCRO.o out/host/linux-x86/obj/STATIC_LIBRARIES/libutils_intermediates/ZipFileRO.o out/host/linux-x86/obj/STATIC_LIBRARIES/libutils_intermediates/ZipUtils.o out/host/linux-x86/obj/STATIC_LIBRARIES/libutils_intermediates/misc.o | xargs ar crsP  out/host/linux-x86/obj/STATIC_LIBRARIES/libutils_intermediates/libutils.a

target thumb C++: libutils <= frameworks/base/libs/utils/RefBase.cpp
prebuilt/linux-x86/toolchain/arm-eabi-4.4.3/bin/arm-eabi-g++  -I external/zlib   -I external/icu4c/common   -I frameworks/base/libs/utils   -I out/target/product/generic/obj/SHARED_LIBRARIES/libutils_intermediates   -I dalvik/libnativehelper/include/nativehelper   -I system/core/include   -I hardware/libhardware/include   -I hardware/libhardware_legacy/include   -I hardware/ril/include   -I dalvik/libnativehelper/include   -I frameworks/base/include   -I frameworks/base/opengl/include   -I frameworks/base/native/include   -I external/skia/include   -I out/target/product/generic/obj/include   -I bionic/libc/arch-arm/include   -I bionic/libc/include   -I bionic/libstdc++/include   -I bionic/libc/kernel/common   -I bionic/libc/kernel/arch-arm   -I bionic/libm/include   -I bionic/libm/include/arch/arm   -I bionic/libthread_db/include  -c  -fno-exceptions -Wno-multichar -msoft-float -fpic -ffunction-sections -funwind-tables -fstack-protector -Wa,--noexecstack -Werror=format-security -fno-short-enums -march=armv5te -mtune=xscale -D__ARM_ARCH_5__ -D__ARM_ARCH_5T__ -D__ARM_ARCH_5E__ -D__ARM_ARCH_5TE__ -include system/core/include/arch/linux-arm/AndroidConfig.h -I system/core/include/arch/linux-arm/ -Wno-psabi -mthumb-interwork -DANDROID -fmessage-length=0 -W -Wall -Wno-unused -Winit-self -Wpointer-arith -Werror=return-type -Werror=non-virtual-dtor -Werror=address -Werror=sequence-point -DNDEBUG -g -Wstrict-aliasing=2 -finline-functions -fno-inline-functions-called-once -fgcse-after-reload -frerun-cse-after-loop -frename-registers -DNDEBUG -UDEBUG -fvisibility-inlines-hidden -DANDROID -fmessage-length=0 -W -Wall -Wno-unused -Winit-self -Wpointer-arith -Wsign-promo -Werror=return-type -Werror=non-virtual-dtor -Werror=address -Werror=sequence-point -DNDEBUG -UDEBUG -mthumb -Os -fomit-frame-pointer -fno-strict-aliasing -finline-limit=64  -fno-rtti      -MD -o out/target/product/generic/obj/SHARED_LIBRARIES/libutils_intermediates/RefBase.o frameworks/base/libs/utils/RefBase.cpp

make: *** No rule to make target `out/target/product/generic/obj/lib/libz.so', needed by `out/target/product/generic/obj/SHARED_LIBRARIES/libutils_intermediates/LINKED/libutils.so'.  Stop.
make: Leaving directory `/home/richard/gingerbread'
